<?xml version="1.0" encoding="UTF-8"?>
<coverage generated="1754889166058" clover="3.2.0">
  <project timestamp="1754889166058" name="All files">
    <metrics statements="32" coveredstatements="31" conditionals="16" coveredconditionals="11" methods="9" coveredmethods="9" elements="57" coveredelements="51" complexity="0" loc="32" ncloc="32" packages="2" files="3" classes="3"/>
    <package name="backend">
      <metrics statements="1" coveredstatements="0" conditionals="0" coveredconditionals="0" methods="0" coveredmethods="0"/>
      <file name="jest.config.js" path="C:\Users\alex_\OneDrive\Escritorio\prueba tecnica Escaleno\backend\jest.config.js">
        <metrics statements="1" coveredstatements="0" conditionals="0" coveredconditionals="0" methods="0" coveredmethods="0"/>
        <line num="2" count="0" type="stmt"/>
      </file>
    </package>
    <package name="backend.utils">
      <metrics statements="31" coveredstatements="31" conditionals="16" coveredconditionals="11" methods="9" coveredmethods="9"/>
      <file name="document-validator.js" path="C:\Users\alex_\OneDrive\Escritorio\prueba tecnica Escaleno\backend\utils\document-validator.js">
        <metrics statements="21" coveredstatements="21" conditionals="10" coveredconditionals="8" methods="7" coveredmethods="7"/>
        <line num="1" count="1" type="stmt"/>
        <line num="4" count="1" type="stmt"/>
        <line num="6" count="1" type="stmt"/>
        <line num="22" count="1" type="cond" truecount="0" falsecount="1"/>
        <line num="23" count="2" type="stmt"/>
        <line num="28" count="6" type="stmt"/>
        <line num="29" count="1" type="stmt"/>
        <line num="30" count="2" type="stmt"/>
        <line num="31" count="6" type="stmt"/>
        <line num="32" count="6" type="cond" truecount="2" falsecount="0"/>
        <line num="34" count="1" type="stmt"/>
        <line num="36" count="8" type="cond" truecount="2" falsecount="0"/>
        <line num="39" count="2" type="stmt"/>
        <line num="41" count="2" type="stmt"/>
        <line num="42" count="2" type="stmt"/>
        <line num="52" count="2" type="stmt"/>
        <line num="61" count="2" type="stmt"/>
        <line num="62" count="12" type="cond" truecount="2" falsecount="0"/>
        <line num="63" count="2" type="cond" truecount="2" falsecount="0"/>
        <line num="65" count="2" type="stmt"/>
        <line num="82" count="1" type="stmt"/>
      </file>
      <file name="plate-utils.js" path="C:\Users\alex_\OneDrive\Escritorio\prueba tecnica Escaleno\backend\utils\plate-utils.js">
        <metrics statements="10" coveredstatements="10" conditionals="6" coveredconditionals="3" methods="2" coveredmethods="2"/>
        <line num="1" count="2" type="stmt"/>
        <line num="2" count="2" type="stmt"/>
        <line num="3" count="2" type="stmt"/>
        <line num="6" count="12" type="stmt"/>
        <line num="7" count="12" type="cond" truecount="2" falsecount="0"/>
        <line num="11" count="3" type="stmt"/>
        <line num="12" count="3" type="cond" truecount="1" falsecount="1"/>
        <line num="13" count="3" type="stmt"/>
        <line num="14" count="3" type="stmt"/>
        <line num="17" count="2" type="stmt"/>
      </file>
    </package>
  </project>
</coverage>
