{"C:\\Users\\alex_\\OneDrive\\Escritorio\\prueba tecnica Escaleno\\backend\\jest.config.js": {"path":"C:\\Users\\alex_\\OneDrive\\Escritorio\\prueba tecnica Escaleno\\backend\\jest.config.js","statementMap":{"0":{"start":{"line":2,"column":0},"end":{"line":24,"column":2}}},"fnMap":{},"branchMap":{},"s":{"0":0},"f":{},"b":{}}
,"C:\\Users\\alex_\\OneDrive\\Escritorio\\prueba tecnica Escaleno\\backend\\utils\\document-validator.js": {"path":"C:\\Users\\alex_\\OneDrive\\Escritorio\\prueba tecnica Escaleno\\backend\\utils\\document-validator.js","statementMap":{"0":{"start":{"line":1,"column":26},"end":{"line":1,"column":50}},"1":{"start":{"line":4,"column":2},"end":{"line":4,"column":94}},"2":{"start":{"line":6,"column":17},"end":{"line":20,"column":1}},"3":{"start":{"line":22,"column":18},"end":{"line":26,"column":36}},"4":{"start":{"line":23,"column":2},"end":{"line":26,"column":36}},"5":{"start":{"line":28,"column":17},"end":{"line":28,"column":57}},"6":{"start":{"line":28,"column":29},"end":{"line":28,"column":57}},"7":{"start":{"line":28,"column":46},"end":{"line":28,"column":56}},"8":{"start":{"line":29,"column":27},"end":{"line":35,"column":1}},"9":{"start":{"line":30,"column":2},"end":{"line":33,"column":3}},"10":{"start":{"line":31,"column":14},"end":{"line":31,"column":25}},"11":{"start":{"line":32,"column":4},"end":{"line":32,"column":23}},"12":{"start":{"line":32,"column":11},"end":{"line":32,"column":23}},"13":{"start":{"line":34,"column":2},"end":{"line":34,"column":14}},"14":{"start":{"line":36,"column":19},"end":{"line":36,"column":56}},"15":{"start":{"line":36,"column":30},"end":{"line":36,"column":56}},"16":{"start":{"line":39,"column":15},"end":{"line":39,"column":38}},"17":{"start":{"line":41,"column":17},"end":{"line":41,"column":36}},"18":{"start":{"line":42,"column":16},"end":{"line":50,"column":3}},"19":{"start":{"line":52,"column":18},"end":{"line":59,"column":3}},"20":{"start":{"line":61,"column":20},"end":{"line":61,"column":79}},"21":{"start":{"line":62,"column":16},"end":{"line":62,"column":69}},"22":{"start":{"line":62,"column":43},"end":{"line":62,"column":65}},"23":{"start":{"line":63,"column":18},"end":{"line":63,"column":48}},"24":{"start":{"line":65,"column":2},"end":{"line":79,"column":4}},"25":{"start":{"line":82,"column":0},"end":{"line":82,"column":37}}},"fnMap":{"0":{"name":"(anonymous_0)","decl":{"start":{"line":22,"column":18},"end":{"line":22,"column":19}},"loc":{"start":{"line":23,"column":2},"end":{"line":26,"column":36}},"line":23},"1":{"name":"(anonymous_1)","decl":{"start":{"line":28,"column":17},"end":{"line":28,"column":18}},"loc":{"start":{"line":28,"column":29},"end":{"line":28,"column":57}},"line":28},"2":{"name":"(anonymous_2)","decl":{"start":{"line":28,"column":38},"end":{"line":28,"column":39}},"loc":{"start":{"line":28,"column":46},"end":{"line":28,"column":56}},"line":28},"3":{"name":"(anonymous_3)","decl":{"start":{"line":29,"column":27},"end":{"line":29,"column":28}},"loc":{"start":{"line":29,"column":39},"end":{"line":35,"column":1}},"line":29},"4":{"name":"(anonymous_4)","decl":{"start":{"line":36,"column":19},"end":{"line":36,"column":20}},"loc":{"start":{"line":36,"column":30},"end":{"line":36,"column":56}},"line":36},"5":{"name":"validateOcrText","decl":{"start":{"line":38,"column":9},"end":{"line":38,"column":24}},"loc":{"start":{"line":38,"column":44},"end":{"line":80,"column":1}},"line":38},"6":{"name":"(anonymous_6)","decl":{"start":{"line":62,"column":33},"end":{"line":62,"column":34}},"loc":{"start":{"line":62,"column":43},"end":{"line":62,"column":65}},"line":62}},"branchMap":{"0":{"loc":{"start":{"line":22,"column":19},"end":{"line":22,"column":25}},"type":"default-arg","locations":[{"start":{"line":22,"column":23},"end":{"line":22,"column":25}}],"line":22},"1":{"loc":{"start":{"line":32,"column":4},"end":{"line":32,"column":23}},"type":"if","locations":[{"start":{"line":32,"column":4},"end":{"line":32,"column":23}},{"start":{},"end":{}}],"line":32},"2":{"loc":{"start":{"line":36,"column":31},"end":{"line":36,"column":52}},"type":"binary-expr","locations":[{"start":{"line":36,"column":31},"end":{"line":36,"column":42}},{"start":{"line":36,"column":46},"end":{"line":36,"column":52}}],"line":36},"3":{"loc":{"start":{"line":38,"column":25},"end":{"line":38,"column":42}},"type":"default-arg","locations":[{"start":{"line":38,"column":40},"end":{"line":38,"column":42}}],"line":38},"4":{"loc":{"start":{"line":62,"column":48},"end":{"line":62,"column":64}},"type":"cond-expr","locations":[{"start":{"line":62,"column":59},"end":{"line":62,"column":60}},{"start":{"line":62,"column":63},"end":{"line":62,"column":64}}],"line":62},"5":{"loc":{"start":{"line":63,"column":18},"end":{"line":63,"column":48}},"type":"binary-expr","locations":[{"start":{"line":63,"column":18},"end":{"line":63,"column":28}},{"start":{"line":63,"column":32},"end":{"line":63,"column":48}}],"line":63}},"s":{"0":1,"1":1,"2":1,"3":1,"4":2,"5":1,"6":2,"7":6,"8":1,"9":2,"10":6,"11":6,"12":1,"13":1,"14":1,"15":8,"16":2,"17":2,"18":2,"19":2,"20":2,"21":2,"22":12,"23":2,"24":2,"25":1},"f":{"0":2,"1":2,"2":6,"3":2,"4":8,"5":2,"6":12},"b":{"0":[0],"1":[1,5],"2":[8,5],"3":[0],"4":[6,6],"5":[2,1]},"_coverageSchema":"1a1c01bbd47fc00a2c39e90264f33305004495a9","hash":"2b329dbde23a11dc04621c6c18ce1b31afa23289"}
,"C:\\Users\\alex_\\OneDrive\\Escritorio\\prueba tecnica Escaleno\\backend\\utils\\plate-utils.js": {"path":"C:\\Users\\alex_\\OneDrive\\Escritorio\\prueba tecnica Escaleno\\backend\\utils\\plate-utils.js","statementMap":{"0":{"start":{"line":1,"column":12},"end":{"line":1,"column":29}},"1":{"start":{"line":2,"column":12},"end":{"line":2,"column":29}},"2":{"start":{"line":3,"column":18},"end":{"line":3,"column":72}},"3":{"start":{"line":6,"column":12},"end":{"line":6,"column":39}},"4":{"start":{"line":7,"column":2},"end":{"line":7,"column":36}},"5":{"start":{"line":11,"column":12},"end":{"line":11,"column":38}},"6":{"start":{"line":12,"column":21},"end":{"line":12,"column":45}},"7":{"start":{"line":13,"column":16},"end":{"line":13,"column":54}},"8":{"start":{"line":14,"column":2},"end":{"line":14,"column":29}},"9":{"start":{"line":17,"column":0},"end":{"line":22,"column":2}}},"fnMap":{"0":{"name":"isValidChileanPlate","decl":{"start":{"line":5,"column":9},"end":{"line":5,"column":28}},"loc":{"start":{"line":5,"column":41},"end":{"line":8,"column":1}},"line":5},"1":{"name":"extractPlates","decl":{"start":{"line":10,"column":9},"end":{"line":10,"column":22}},"loc":{"start":{"line":10,"column":34},"end":{"line":15,"column":1}},"line":10}},"branchMap":{"0":{"loc":{"start":{"line":5,"column":29},"end":{"line":5,"column":39}},"type":"default-arg","locations":[{"start":{"line":5,"column":37},"end":{"line":5,"column":39}}],"line":5},"1":{"loc":{"start":{"line":7,"column":9},"end":{"line":7,"column":35}},"type":"binary-expr","locations":[{"start":{"line":7,"column":9},"end":{"line":7,"column":20}},{"start":{"line":7,"column":24},"end":{"line":7,"column":35}}],"line":7},"2":{"loc":{"start":{"line":10,"column":23},"end":{"line":10,"column":32}},"type":"default-arg","locations":[{"start":{"line":10,"column":30},"end":{"line":10,"column":32}}],"line":10},"3":{"loc":{"start":{"line":12,"column":21},"end":{"line":12,"column":45}},"type":"binary-expr","locations":[{"start":{"line":12,"column":21},"end":{"line":12,"column":39}},{"start":{"line":12,"column":43},"end":{"line":12,"column":45}}],"line":12}},"s":{"0":2,"1":2,"2":2,"3":12,"4":12,"5":3,"6":3,"7":3,"8":3,"9":2},"f":{"0":12,"1":3},"b":{"0":[0],"1":[12,8],"2":[0],"3":[3,0]},"_coverageSchema":"1a1c01bbd47fc00a2c39e90264f33305004495a9","hash":"83e194001f1a843be29f5aaeb2085e7559396aeb"}
}
