TN:
SF:jest.config.js
FNF:0
FNH:0
DA:2,0
LF:1
LH:0
BRF:0
BRH:0
end_of_record
TN:
SF:utils\document-validator.js
FN:22,(anonymous_0)
FN:28,(anonymous_1)
FN:28,(anonymous_2)
FN:29,(anonymous_3)
FN:36,(anonymous_4)
FN:38,validateOcrText
FN:62,(anonymous_6)
FNF:7
FNH:7
FNDA:2,(anonymous_0)
FNDA:2,(anonymous_1)
FNDA:6,(anonymous_2)
FNDA:2,(anonymous_3)
FNDA:8,(anonymous_4)
FNDA:2,validateOcrText
FNDA:12,(anonymous_6)
DA:1,1
DA:4,1
DA:6,1
DA:22,1
DA:23,2
DA:28,6
DA:29,1
DA:30,2
DA:31,6
DA:32,6
DA:34,1
DA:36,8
DA:39,2
DA:41,2
DA:42,2
DA:52,2
DA:61,2
DA:62,12
DA:63,2
DA:65,2
DA:82,1
LF:21
LH:21
BRDA:22,0,0,0
BRDA:32,1,0,1
BRDA:32,1,1,5
BRDA:36,2,0,8
BRDA:36,2,1,5
BRDA:38,3,0,0
BRDA:62,4,0,6
BRDA:62,4,1,6
BRDA:63,5,0,2
BRDA:63,5,1,1
BRF:10
BRH:8
end_of_record
TN:
SF:utils\plate-utils.js
FN:5,isValidChileanPlate
FN:10,extractPlates
FNF:2
FNH:2
FNDA:12,isValidChileanPlate
FNDA:3,extractPlates
DA:1,2
DA:2,2
DA:3,2
DA:6,12
DA:7,12
DA:11,3
DA:12,3
DA:13,3
DA:14,3
DA:17,2
LF:10
LH:10
BRDA:5,0,0,0
BRDA:7,1,0,12
BRDA:7,1,1,8
BRDA:10,2,0,0
BRDA:12,3,0,3
BRDA:12,3,1,0
BRF:6
BRH:3
end_of_record
